
  .   ____          _            __ _ _
 /\\ / ___'_ __ _ _(_)_ __  __ _ \ \ \ \
( ( )\___ | '_ | '_| | '_ \/ _` | \ \ \ \
 \\/  ___)| |_)| | | | | || (_| |  ) ) ) )
  '  |____| .__|_| |_|_| |_\__, | / / / /
 =========|_|==============|___/=/_/_/_/
 :: Spring Boot ::        (v1.5.6.RELEASE)

2017-12-16 08:59:03.943  INFO 1888 --- [           main] com.blerter.Application                  : Starting Application v1.0 on Rommels-MBP with PID 1888 (/Users/rommelsumpo/DevelopmentArchives/blerter/blerter-vaadin-service/target/blerter-vaadin-service.jar started by rommelsumpo in /Users/rommelsumpo/DevelopmentArchives/blerter/blerter-vaadin-service)
2017-12-16 08:59:03.947  INFO 1888 --- [           main] com.blerter.Application                  : No active profile set, falling back to default profiles: default
2017-12-16 08:59:04.057  INFO 1888 --- [           main] ationConfigEmbeddedWebApplicationContext : Refreshing org.springframework.boot.context.embedded.AnnotationConfigEmbeddedWebApplicationContext@1ed6993a: startup date [Sat Dec 16 08:59:04 NZDT 2017]; root of context hierarchy
2017-12-16 08:59:05.103  WARN 1888 --- [           main] o.s.c.a.ConfigurationClassPostProcessor  : Cannot enhance @Configuration bean definition 'com.vaadin.spring.VaadinConfiguration' since its singleton instance has been created too early. The typical cause is a non-static @Bean method with a BeanDefinitionRegistryPostProcessor return type: Consider declaring such methods as 'static'.
2017-12-16 08:59:05.877  INFO 1888 --- [           main] org.xnio                                 : XNIO version 3.3.8.Final
2017-12-16 08:59:05.908  INFO 1888 --- [           main] org.xnio.nio                             : XNIO NIO Implementation Version 3.3.8.Final
2017-12-16 08:59:06.015  WARN 1888 --- [           main] io.undertow.websockets.jsr               : UT026009: XNIO worker was not set on WebSocketDeploymentInfo, the default worker will be used
2017-12-16 08:59:06.016  WARN 1888 --- [           main] io.undertow.websockets.jsr               : UT026010: Buffer pool was not set on WebSocketDeploymentInfo, the default pool will be used
2017-12-16 08:59:06.057  INFO 1888 --- [           main] io.undertow.servlet                      : Initializing Spring embedded WebApplicationContext
2017-12-16 08:59:06.057  INFO 1888 --- [           main] o.s.web.context.ContextLoader            : Root WebApplicationContext: initialization completed in 2006 ms
2017-12-16 08:59:06.243  INFO 1888 --- [           main] c.v.s.b.i.VaadinServletConfiguration     : Registering Vaadin servlet
2017-12-16 08:59:06.243  INFO 1888 --- [           main] c.v.s.b.i.VaadinServletConfiguration     : Servlet will be mapped to URLs [/vaadinServlet/*, /VAADIN/*]
2017-12-16 08:59:06.268  INFO 1888 --- [           main] c.v.s.b.i.VaadinServletConfiguration     : Setting servlet init parameters
2017-12-16 08:59:06.269  INFO 1888 --- [           main] c.v.s.b.i.VaadinServletConfiguration     : Set servlet init parameter [productionMode] = [false]
2017-12-16 08:59:06.269  INFO 1888 --- [           main] c.v.s.b.i.VaadinServletConfiguration     : Set servlet init parameter [resourceCacheTime] = [3600]
2017-12-16 08:59:06.269  INFO 1888 --- [           main] c.v.s.b.i.VaadinServletConfiguration     : Set servlet init parameter [heartbeatInterval] = [300]
2017-12-16 08:59:06.269  INFO 1888 --- [           main] c.v.s.b.i.VaadinServletConfiguration     : Set servlet init parameter [closeIdleSessions] = [false]
2017-12-16 08:59:06.367  INFO 1888 --- [           main] o.s.b.w.servlet.ServletRegistrationBean  : Mapping servlet: 'dispatcherServlet' to [/]
2017-12-16 08:59:06.373  INFO 1888 --- [           main] o.s.b.w.servlet.ServletRegistrationBean  : Mapping servlet: 'springVaadinServlet' to [/vaadinServlet/*, /VAADIN/*]
2017-12-16 08:59:06.377  INFO 1888 --- [           main] o.s.b.w.servlet.FilterRegistrationBean   : Mapping filter: 'characterEncodingFilter' to: [/*]
2017-12-16 08:59:06.379  INFO 1888 --- [           main] o.s.b.w.servlet.FilterRegistrationBean   : Mapping filter: 'hiddenHttpMethodFilter' to: [/*]
2017-12-16 08:59:06.380  INFO 1888 --- [           main] o.s.b.w.servlet.FilterRegistrationBean   : Mapping filter: 'httpPutFormContentFilter' to: [/*]
2017-12-16 08:59:06.380  INFO 1888 --- [           main] o.s.b.w.servlet.FilterRegistrationBean   : Mapping filter: 'requestContextFilter' to: [/*]
2017-12-16 08:59:06.760  INFO 1888 --- [           main] s.w.s.m.m.a.RequestMappingHandlerAdapter : Looking for @ControllerAdvice: org.springframework.boot.context.embedded.AnnotationConfigEmbeddedWebApplicationContext@1ed6993a: startup date [Sat Dec 16 08:59:04 NZDT 2017]; root of context hierarchy
2017-12-16 08:59:06.871  INFO 1888 --- [           main] s.w.s.m.m.a.RequestMappingHandlerMapping : Mapped "{[/error]}" onto public org.springframework.http.ResponseEntity<java.util.Map<java.lang.String, java.lang.Object>> org.springframework.boot.autoconfigure.web.BasicErrorController.error(javax.servlet.http.HttpServletRequest)
2017-12-16 08:59:06.873  INFO 1888 --- [           main] s.w.s.m.m.a.RequestMappingHandlerMapping : Mapped "{[/error],produces=[text/html]}" onto public org.springframework.web.servlet.ModelAndView org.springframework.boot.autoconfigure.web.BasicErrorController.errorHtml(javax.servlet.http.HttpServletRequest,javax.servlet.http.HttpServletResponse)
2017-12-16 08:59:06.913  INFO 1888 --- [           main] o.s.w.s.handler.SimpleUrlHandlerMapping  : Mapped URL path [/webjars/**] onto handler of type [class org.springframework.web.servlet.resource.ResourceHttpRequestHandler]
2017-12-16 08:59:06.914  INFO 1888 --- [           main] o.s.w.s.handler.SimpleUrlHandlerMapping  : Mapped URL path [/**] onto handler of type [class org.springframework.web.servlet.resource.ResourceHttpRequestHandler]
2017-12-16 08:59:06.980  INFO 1888 --- [           main] o.s.w.s.handler.SimpleUrlHandlerMapping  : Mapped URL path [/**/favicon.ico] onto handler of type [class org.springframework.web.servlet.resource.ResourceHttpRequestHandler]
2017-12-16 08:59:07.031  INFO 1888 --- [           main] c.v.s.b.i.VaadinServletConfiguration     : Checking the application context for Vaadin UI mappings
2017-12-16 08:59:07.035  INFO 1888 --- [           main] c.v.s.b.i.VaadinServletConfiguration     : Registering Vaadin servlet of type [com.vaadin.spring.server.SpringVaadinServlet]
2017-12-16 08:59:07.048  INFO 1888 --- [           main] c.v.s.b.i.VaadinServletConfiguration     : Forwarding @SpringUI URLs from {/=org.springframework.web.servlet.mvc.ServletForwardingController@1b083826}
2017-12-16 08:59:07.052  INFO 1888 --- [           main] o.s.w.s.handler.SimpleUrlHandlerMapping  : Root mapping to handler of type [class org.springframework.web.servlet.mvc.ServletForwardingController]
2017-12-16 08:59:07.424  INFO 1888 --- [           main] o.s.j.e.a.AnnotationMBeanExporter        : Registering beans for JMX exposure on startup
2017-12-16 08:59:07.533  INFO 1888 --- [           main] b.c.e.u.UndertowEmbeddedServletContainer : Undertow started on port(s) 4030 (http)
2017-12-16 08:59:07.538  INFO 1888 --- [           main] com.blerter.Application                  : Started Application in 4.175 seconds (JVM running for 4.77)
2017-12-16 08:59:25.595  INFO 1888 --- [  XNIO-2 task-1] io.undertow.servlet                      : Initializing Spring FrameworkServlet 'dispatcherServlet'
2017-12-16 08:59:25.595  INFO 1888 --- [  XNIO-2 task-1] o.s.web.servlet.DispatcherServlet        : FrameworkServlet 'dispatcherServlet': initialization started
2017-12-16 08:59:25.612  INFO 1888 --- [  XNIO-2 task-1] o.s.web.servlet.DispatcherServlet        : FrameworkServlet 'dispatcherServlet': initialization completed in 17 ms
2017-12-16 08:59:25.633  WARN 1888 --- [  XNIO-2 task-1] c.v.s.DefaultDeploymentConfiguration     : 
=================================================================
Vaadin is running in DEBUG MODE.
Add productionMode=true to web.xml to disable debug features.
To show debug window, add ?debug to your application URL.
=================================================================
2017-12-16 08:59:25.694  INFO 1888 --- [  XNIO-2 task-1] c.vaadin.spring.server.SpringUIProvider  : Checking the application context for Vaadin UIs
2017-12-16 08:59:25.696  INFO 1888 --- [  XNIO-2 task-1] c.vaadin.spring.server.SpringUIProvider  : Found Vaadin UI [com.blerter.ui.VaadinUI]
2017-12-16 08:59:27.185  INFO 1888 --- [  XNIO-2 task-3] c.v.spring.navigator.SpringViewProvider  : Looking up SpringViews
2017-12-16 08:59:27.192  INFO 1888 --- [  XNIO-2 task-3] c.v.spring.navigator.SpringViewProvider  : 2 SpringViews found
2017-12-16 08:59:27.196  WARN 1888 --- [  XNIO-2 task-3] com.vaadin.spring.internal.BeanStore     : Storing non-serializable bean [com.vaadin.spring.internal.SpringViewDisplayRegistrationBean@5e168e26] with name [com.vaadin.spring.internal.SpringViewDisplayRegistrationBean#0] in [UIBeanStore[id=1b3b2aa7, name=UI:0]]
2017-12-16 09:51:21.528  INFO 1888 --- [  XNIO-2 task-9] c.vaadin.spring.server.SpringUIProvider  : Checking the application context for Vaadin UIs
2017-12-16 09:51:21.826  INFO 1888 --- [  XNIO-2 task-9] c.vaadin.spring.server.SpringUIProvider  : Found Vaadin UI [com.blerter.ui.VaadinUI]
2017-12-16 09:51:22.200  INFO 1888 --- [ XNIO-2 task-11] c.v.spring.navigator.SpringViewProvider  : Looking up SpringViews
2017-12-16 09:51:22.204  INFO 1888 --- [ XNIO-2 task-11] c.v.spring.navigator.SpringViewProvider  : 2 SpringViews found
2017-12-16 09:51:22.207  WARN 1888 --- [ XNIO-2 task-11] com.vaadin.spring.internal.BeanStore     : Storing non-serializable bean [com.vaadin.spring.internal.SpringViewDisplayRegistrationBean@49b48881] with name [com.vaadin.spring.internal.SpringViewDisplayRegistrationBean#0] in [UIBeanStore[id=2f98b6cd, name=UI:0]]
2017-12-16 09:52:30.340  INFO 1888 --- [ XNIO-2 task-21] c.v.spring.navigator.SpringViewProvider  : Looking up SpringViews
2017-12-16 09:52:30.346  INFO 1888 --- [ XNIO-2 task-21] c.v.spring.navigator.SpringViewProvider  : 2 SpringViews found
2017-12-16 09:52:30.347  WARN 1888 --- [ XNIO-2 task-21] com.vaadin.spring.internal.BeanStore     : Storing non-serializable bean [com.vaadin.spring.internal.SpringViewDisplayRegistrationBean@2c36f7a2] with name [com.vaadin.spring.internal.SpringViewDisplayRegistrationBean#0] in [UIBeanStore[id=13a40dbe, name=UI:1]]
2017-12-16 09:52:42.032  INFO 1888 --- [ XNIO-2 task-26] c.v.spring.navigator.SpringViewProvider  : Looking up SpringViews
2017-12-16 09:52:42.036  INFO 1888 --- [ XNIO-2 task-26] c.v.spring.navigator.SpringViewProvider  : 2 SpringViews found
2017-12-16 09:52:42.037  WARN 1888 --- [ XNIO-2 task-26] com.vaadin.spring.internal.BeanStore     : Storing non-serializable bean [com.vaadin.spring.internal.SpringViewDisplayRegistrationBean@4d2f70f1] with name [com.vaadin.spring.internal.SpringViewDisplayRegistrationBean#0] in [UIBeanStore[id=c127aca, name=UI:2]]
2017-12-16 09:55:51.570  INFO 1888 --- [ XNIO-2 task-31] c.v.spring.navigator.SpringViewProvider  : Looking up SpringViews
2017-12-16 09:55:51.608  INFO 1888 --- [ XNIO-2 task-31] c.v.spring.navigator.SpringViewProvider  : 2 SpringViews found
2017-12-16 09:55:51.610  WARN 1888 --- [ XNIO-2 task-31] com.vaadin.spring.internal.BeanStore     : Storing non-serializable bean [com.vaadin.spring.internal.SpringViewDisplayRegistrationBean@6e8559f6] with name [com.vaadin.spring.internal.SpringViewDisplayRegistrationBean#0] in [UIBeanStore[id=2fb853cd, name=UI:3]]
2017-12-16 10:13:39.811  INFO 1888 --- [ XNIO-2 task-41] c.v.spring.navigator.SpringViewProvider  : Looking up SpringViews
2017-12-16 10:13:39.843  INFO 1888 --- [ XNIO-2 task-41] c.v.spring.navigator.SpringViewProvider  : 2 SpringViews found
2017-12-16 10:13:39.847  WARN 1888 --- [ XNIO-2 task-41] com.vaadin.spring.internal.BeanStore     : Storing non-serializable bean [com.vaadin.spring.internal.SpringViewDisplayRegistrationBean@73dd74c8] with name [com.vaadin.spring.internal.SpringViewDisplayRegistrationBean#0] in [UIBeanStore[id=32e07ef3, name=UI:4]]
2017-12-16 10:13:56.634  INFO 1888 --- [ XNIO-2 task-46] c.v.spring.navigator.SpringViewProvider  : Looking up SpringViews
2017-12-16 10:13:56.749  INFO 1888 --- [ XNIO-2 task-46] c.v.spring.navigator.SpringViewProvider  : 2 SpringViews found
2017-12-16 10:13:56.761  WARN 1888 --- [ XNIO-2 task-46] com.vaadin.spring.internal.BeanStore     : Storing non-serializable bean [com.vaadin.spring.internal.SpringViewDisplayRegistrationBean@12b89522] with name [com.vaadin.spring.internal.SpringViewDisplayRegistrationBean#0] in [UIBeanStore[id=53859f19, name=UI:5]]
2017-12-16 10:26:27.788  INFO 1888 --- [ XNIO-2 task-57] c.v.spring.navigator.SpringViewProvider  : Looking up SpringViews
2017-12-16 10:26:27.816  INFO 1888 --- [ XNIO-2 task-57] c.v.spring.navigator.SpringViewProvider  : 2 SpringViews found
2017-12-16 10:26:27.827  WARN 1888 --- [ XNIO-2 task-57] com.vaadin.spring.internal.BeanStore     : Storing non-serializable bean [com.vaadin.spring.internal.SpringViewDisplayRegistrationBean@344e7a81] with name [com.vaadin.spring.internal.SpringViewDisplayRegistrationBean#0] in [UIBeanStore[id=757370ba, name=UI:6]]
10:26:35.620 [XNIO-2 task-61] ERROR com.blerter.grpc.client.GrpcBlerterService - null
2017-12-16 10:26:36.815 ERROR 1888 --- [ XNIO-2 task-62] com.vaadin.server.DefaultErrorHandler    : 

java.lang.NullPointerException: null
	at com.blerter.model.Token$Builder.setToken(Token.java:474) ~[classes!/:1.0]
	at com.blerter.ui.ViewScopedGrpc.lambda$init$90692906$2(ViewScopedGrpc.java:63) ~[classes!/:1.0]
	at sun.reflect.NativeMethodAccessorImpl.invoke0(Native Method) ~[na:1.8.0_151]
	at sun.reflect.NativeMethodAccessorImpl.invoke(NativeMethodAccessorImpl.java:62) ~[na:1.8.0_151]
	at sun.reflect.DelegatingMethodAccessorImpl.invoke(DelegatingMethodAccessorImpl.java:43) ~[na:1.8.0_151]
	at java.lang.reflect.Method.invoke(Method.java:498) ~[na:1.8.0_151]
	at com.vaadin.event.ListenerMethod.receiveEvent(ListenerMethod.java:510) ~[vaadin-server-8.0.0.jar!/:8.0.0]
	at com.vaadin.event.EventRouter.fireEvent(EventRouter.java:211) ~[vaadin-server-8.0.0.jar!/:8.0.0]
	at com.vaadin.event.EventRouter.fireEvent(EventRouter.java:174) ~[vaadin-server-8.0.0.jar!/:8.0.0]
	at com.vaadin.server.AbstractClientConnector.fireEvent(AbstractClientConnector.java:1029) ~[vaadin-server-8.0.0.jar!/:8.0.0]
	at com.vaadin.ui.Button.fireClick(Button.java:370) ~[vaadin-server-8.0.0.jar!/:8.0.0]
	at com.vaadin.ui.Button$1.click(Button.java:57) ~[vaadin-server-8.0.0.jar!/:8.0.0]
	at sun.reflect.NativeMethodAccessorImpl.invoke0(Native Method) ~[na:1.8.0_151]
	at sun.reflect.NativeMethodAccessorImpl.invoke(NativeMethodAccessorImpl.java:62) ~[na:1.8.0_151]
	at sun.reflect.DelegatingMethodAccessorImpl.invoke(DelegatingMethodAccessorImpl.java:43) ~[na:1.8.0_151]
	at java.lang.reflect.Method.invoke(Method.java:498) ~[na:1.8.0_151]
	at com.vaadin.server.ServerRpcManager.applyInvocation(ServerRpcManager.java:155) ~[vaadin-server-8.0.0.jar!/:8.0.0]
	at com.vaadin.server.ServerRpcManager.applyInvocation(ServerRpcManager.java:116) ~[vaadin-server-8.0.0.jar!/:8.0.0]
	at com.vaadin.server.communication.ServerRpcHandler.handleInvocation(ServerRpcHandler.java:443) [vaadin-server-8.0.0.jar!/:8.0.0]
	at com.vaadin.server.communication.ServerRpcHandler.handleInvocations(ServerRpcHandler.java:415) [vaadin-server-8.0.0.jar!/:8.0.0]
	at com.vaadin.server.communication.ServerRpcHandler.handleRpc(ServerRpcHandler.java:274) [vaadin-server-8.0.0.jar!/:8.0.0]
	at com.vaadin.server.communication.UidlRequestHandler.synchronizedHandleRequest(UidlRequestHandler.java:90) [vaadin-server-8.0.0.jar!/:8.0.0]
	at com.vaadin.server.SynchronizedRequestHandler.handleRequest(SynchronizedRequestHandler.java:41) [vaadin-server-8.0.0.jar!/:8.0.0]
	at com.vaadin.server.VaadinService.handleRequest(VaadinService.java:1464) [vaadin-server-8.0.0.jar!/:8.0.0]
	at com.vaadin.server.VaadinServlet.service(VaadinServlet.java:380) [vaadin-server-8.0.0.jar!/:8.0.0]
	at javax.servlet.http.HttpServlet.service(HttpServlet.java:742) [tomcat-embed-core-8.5.16.jar!/:8.5.16]
	at io.undertow.servlet.handlers.ServletHandler.handleRequest(ServletHandler.java:85) [undertow-servlet-1.4.18.Final.jar!/:1.4.18.Final]
	at io.undertow.servlet.handlers.FilterHandler$FilterChainImpl.doFilter(FilterHandler.java:129) [undertow-servlet-1.4.18.Final.jar!/:1.4.18.Final]
	at org.springframework.web.filter.RequestContextFilter.doFilterInternal(RequestContextFilter.java:99) [spring-web-4.3.10.RELEASE.jar!/:4.3.10.RELEASE]
	at org.springframework.web.filter.OncePerRequestFilter.doFilter(OncePerRequestFilter.java:107) [spring-web-4.3.10.RELEASE.jar!/:4.3.10.RELEASE]
	at io.undertow.servlet.core.ManagedFilter.doFilter(ManagedFilter.java:61) [undertow-servlet-1.4.18.Final.jar!/:1.4.18.Final]
	at io.undertow.servlet.handlers.FilterHandler$FilterChainImpl.doFilter(FilterHandler.java:131) [undertow-servlet-1.4.18.Final.jar!/:1.4.18.Final]
	at org.springframework.web.filter.HttpPutFormContentFilter.doFilterInternal(HttpPutFormContentFilter.java:105) [spring-web-4.3.10.RELEASE.jar!/:4.3.10.RELEASE]
	at org.springframework.web.filter.OncePerRequestFilter.doFilter(OncePerRequestFilter.java:107) [spring-web-4.3.10.RELEASE.jar!/:4.3.10.RELEASE]
	at io.undertow.servlet.core.ManagedFilter.doFilter(ManagedFilter.java:61) [undertow-servlet-1.4.18.Final.jar!/:1.4.18.Final]
	at io.undertow.servlet.handlers.FilterHandler$FilterChainImpl.doFilter(FilterHandler.java:131) [undertow-servlet-1.4.18.Final.jar!/:1.4.18.Final]
	at org.springframework.web.filter.HiddenHttpMethodFilter.doFilterInternal(HiddenHttpMethodFilter.java:81) [spring-web-4.3.10.RELEASE.jar!/:4.3.10.RELEASE]
	at org.springframework.web.filter.OncePerRequestFilter.doFilter(OncePerRequestFilter.java:107) [spring-web-4.3.10.RELEASE.jar!/:4.3.10.RELEASE]
	at io.undertow.servlet.core.ManagedFilter.doFilter(ManagedFilter.java:61) [undertow-servlet-1.4.18.Final.jar!/:1.4.18.Final]
	at io.undertow.servlet.handlers.FilterHandler$FilterChainImpl.doFilter(FilterHandler.java:131) [undertow-servlet-1.4.18.Final.jar!/:1.4.18.Final]
	at org.springframework.web.filter.CharacterEncodingFilter.doFilterInternal(CharacterEncodingFilter.java:197) [spring-web-4.3.10.RELEASE.jar!/:4.3.10.RELEASE]
	at org.springframework.web.filter.OncePerRequestFilter.doFilter(OncePerRequestFilter.java:107) [spring-web-4.3.10.RELEASE.jar!/:4.3.10.RELEASE]
	at io.undertow.servlet.core.ManagedFilter.doFilter(ManagedFilter.java:61) [undertow-servlet-1.4.18.Final.jar!/:1.4.18.Final]
	at io.undertow.servlet.handlers.FilterHandler$FilterChainImpl.doFilter(FilterHandler.java:131) [undertow-servlet-1.4.18.Final.jar!/:1.4.18.Final]
	at io.undertow.servlet.handlers.FilterHandler.handleRequest(FilterHandler.java:84) [undertow-servlet-1.4.18.Final.jar!/:1.4.18.Final]
	at io.undertow.servlet.handlers.security.ServletSecurityRoleHandler.handleRequest(ServletSecurityRoleHandler.java:62) [undertow-servlet-1.4.18.Final.jar!/:1.4.18.Final]
	at io.undertow.servlet.handlers.ServletDispatchingHandler.handleRequest(ServletDispatchingHandler.java:36) [undertow-servlet-1.4.18.Final.jar!/:1.4.18.Final]
	at io.undertow.servlet.handlers.security.SSLInformationAssociationHandler.handleRequest(SSLInformationAssociationHandler.java:131) [undertow-servlet-1.4.18.Final.jar!/:1.4.18.Final]
	at io.undertow.servlet.handlers.security.ServletAuthenticationCallHandler.handleRequest(ServletAuthenticationCallHandler.java:57) [undertow-servlet-1.4.18.Final.jar!/:1.4.18.Final]
	at io.undertow.server.handlers.PredicateHandler.handleRequest(PredicateHandler.java:43) [undertow-core-1.4.18.Final.jar!/:1.4.18.Final]
	at io.undertow.security.handlers.AbstractConfidentialityHandler.handleRequest(AbstractConfidentialityHandler.java:46) [undertow-core-1.4.18.Final.jar!/:1.4.18.Final]
	at io.undertow.servlet.handlers.security.ServletConfidentialityConstraintHandler.handleRequest(ServletConfidentialityConstraintHandler.java:64) [undertow-servlet-1.4.18.Final.jar!/:1.4.18.Final]
	at io.undertow.security.handlers.AuthenticationMechanismsHandler.handleRequest(AuthenticationMechanismsHandler.java:60) [undertow-core-1.4.18.Final.jar!/:1.4.18.Final]
	at io.undertow.servlet.handlers.security.CachedAuthenticatedSessionHandler.handleRequest(CachedAuthenticatedSessionHandler.java:77) [undertow-servlet-1.4.18.Final.jar!/:1.4.18.Final]
	at io.undertow.security.handlers.AbstractSecurityContextAssociationHandler.handleRequest(AbstractSecurityContextAssociationHandler.java:43) [undertow-core-1.4.18.Final.jar!/:1.4.18.Final]
	at io.undertow.server.handlers.PredicateHandler.handleRequest(PredicateHandler.java:43) [undertow-core-1.4.18.Final.jar!/:1.4.18.Final]
	at io.undertow.server.handlers.PredicateHandler.handleRequest(PredicateHandler.java:43) [undertow-core-1.4.18.Final.jar!/:1.4.18.Final]
	at io.undertow.servlet.handlers.ServletInitialHandler.handleFirstRequest(ServletInitialHandler.java:292) [undertow-servlet-1.4.18.Final.jar!/:1.4.18.Final]
	at io.undertow.servlet.handlers.ServletInitialHandler.access$100(ServletInitialHandler.java:81) [undertow-servlet-1.4.18.Final.jar!/:1.4.18.Final]
	at io.undertow.servlet.handlers.ServletInitialHandler$2.call(ServletInitialHandler.java:138) [undertow-servlet-1.4.18.Final.jar!/:1.4.18.Final]
	at io.undertow.servlet.handlers.ServletInitialHandler$2.call(ServletInitialHandler.java:135) [undertow-servlet-1.4.18.Final.jar!/:1.4.18.Final]
	at io.undertow.servlet.core.ServletRequestContextThreadSetupAction$1.call(ServletRequestContextThreadSetupAction.java:48) [undertow-servlet-1.4.18.Final.jar!/:1.4.18.Final]
	at io.undertow.servlet.core.ContextClassLoaderSetupAction$1.call(ContextClassLoaderSetupAction.java:43) [undertow-servlet-1.4.18.Final.jar!/:1.4.18.Final]
	at io.undertow.servlet.handlers.ServletInitialHandler.dispatchRequest(ServletInitialHandler.java:272) [undertow-servlet-1.4.18.Final.jar!/:1.4.18.Final]
	at io.undertow.servlet.handlers.ServletInitialHandler.access$000(ServletInitialHandler.java:81) [undertow-servlet-1.4.18.Final.jar!/:1.4.18.Final]
	at io.undertow.servlet.handlers.ServletInitialHandler$1.handleRequest(ServletInitialHandler.java:104) [undertow-servlet-1.4.18.Final.jar!/:1.4.18.Final]
	at io.undertow.server.Connectors.executeRootHandler(Connectors.java:326) [undertow-core-1.4.18.Final.jar!/:1.4.18.Final]
	at io.undertow.server.HttpServerExchange$1.run(HttpServerExchange.java:812) [undertow-core-1.4.18.Final.jar!/:1.4.18.Final]
	at java.util.concurrent.ThreadPoolExecutor.runWorker(ThreadPoolExecutor.java:1149) [na:1.8.0_151]
	at java.util.concurrent.ThreadPoolExecutor$Worker.run(ThreadPoolExecutor.java:624) [na:1.8.0_151]
	at java.lang.Thread.run(Thread.java:748) [na:1.8.0_151]

2017-12-16 10:26:38.177  INFO 1888 --- [  XNIO-2 task-2] c.v.spring.navigator.SpringViewProvider  : Looking up SpringViews
2017-12-16 10:26:38.185  INFO 1888 --- [  XNIO-2 task-2] c.v.spring.navigator.SpringViewProvider  : 2 SpringViews found
2017-12-16 10:26:38.186  WARN 1888 --- [  XNIO-2 task-2] com.vaadin.spring.internal.BeanStore     : Storing non-serializable bean [com.vaadin.spring.internal.SpringViewDisplayRegistrationBean@568989dc] with name [com.vaadin.spring.internal.SpringViewDisplayRegistrationBean#0] in [UIBeanStore[id=23a4d334, name=UI:7]]
